# first launch

ACRN:\>[275050710us][cpu=0][vm0:vcpu0][sev=1][seq=5684]:vpci_assign_pcidev 0:14.0 not support FLR or not support PM reset
[276959747us][cpu=0][vm1:vcpu0][sev=3][seq=5687]:vlapic: Start Secondary VCPU1 for VM[1]...
ACRN:\>vm_list
VM_UUID                          VM_ID VM_NAME                          VM_STATE
================================ ===== ================================ ========
dbbbd4347a574216a12c2201f1ab0240   0   ACRN SOS VM                      Running 
d279543825d611e8864ecb7a18b34643   1   ACRN VM_1                        Running 
ACRN:\>vcpu_list
VM ID    PCPU ID    VCPU ID    VCPU ROLE    VCPU STATE    THREAD STATE
=====    =======    =======    =========    ==========    ==========
  0         0          0       PRIMARY      Running          BLOCKED         
  1         0          0       PRIMARY      Running          BLOCKED         
  1         1          1       SECONDARY    Running          BLOCKED         
ACRN:\>
ACRN:\>

# second launch

ACRN:\>[366526707us][cpu=0][vm0:vcpu0][sev=1][seq=5693]:vpci_assign_pcidev 0:14.0 not support FLR or not support PM reset
ACRN:\>vm_list
VM_UUID                          VM_ID VM_NAME                          VM_STATE
================================ ===== ================================ ========
dbbbd4347a574216a12c2201f1ab0240   0   ACRN SOS VM                      Running 
d279543825d611e8864ecb7a18b34643   1   ACRN VM_1                        Running 
ACRN:\>vcpu_list
VM ID    PCPU ID    VCPU ID    VCPU ROLE    VCPU STATE    THREAD STATE
=====    =======    =======    =========    ==========    ==========
  0         0          0       PRIMARY      Running          RUNNABLE        
  1         0          0       PRIMARY      Running          RUNNING         
  1         1          1       SECONDARY    Init             BLOCKED         
ACRN:\>
