acrn@debian:~/vm-win$ sudo ./launch_waag.sh 
cpu1 online=0
cpu2 online=0
cpu3 online=0
logger: name=console, level=4
logger: name=kmsg, level=3
logger: name=disk, level=5
SW_LOAD: get ovmf path /usr/share/acrn/bios/OVMF.fd, size 0x200000
vm_create: post_vm_id1
VHM api version 1.0
vm_setup_memory: size=0x80000000
open hugetlbfs file /run/hugepage/acrn/huge_lv1/post_vm_id1/D279543825D611E8864ECB7A18B34643
open hugetlbfs file /run/hugepage/acrn/huge_lv2/post_vm_id1/D279543825D611E8864ECB7A18B34643
level 0 free/need pages:1/1 page size:0x200000
level 1 free/need pages:2/2 page size:0x40000000

try to setup hugepage with:
    level 0 - lowmem 0x0, biosmem 0x200000, highmem 0x0
    level 1 - lowmem 0x80000000, biosmem 0x0, highmem 0x0
total_size 0x180000000

mmap ptr 0x0x7f9924d6f000 -> baseaddr 0x0x7f9940000000
mmap 0x80000000@0x7f9940000000
touch 2 pages with pagesz 0x40000000
mmap 0x200000@0x7f9a3fe00000
touch 1 pages with pagesz 0x200000

really setup hugepage with:
    level 0 - lowmem 0x0, biosmem 0x200000, highmem 0x0
    level 1 - lowmem 0x80000000, biosmem 0x0, highmem 0x0
vm_init_vdevs
No correct pm notify channel given
start monitor interrupt data...
polling 37...
Listening 37...
pci init hostbridge
pci init lpc
pci init passthru
pci init passthru
pci init virtio-blk
pci init passthru
pci init igd-lpc
tpm: init_vtpm2:Invalid socket path!
                                    /tmp/dm.XZrhbsO     24:     Device (PCI0)
                                                                             Warning  3073 -        Multiple types ^  (Device object requires either a _HID or _ADR, but not both)

       /tmp/dm.XZrhbsO    771:     Processor (CPU0, 0x00, 0x00000000, 0x00) {}
                                                                              Warning  3168 -                          ^ Legacy Processor() keyword detected. Use Device() keyword instead.

                /tmp/dm.XZrhbsO    772:     Processor (CPU1, 0x01, 0x00000000, 0x00) {}
                                                                                       Warning  3168 -                          ^ Legacy Processor() keyword detected. Use Device() keyword instead.

                         acrn_sw_load
                                     SW_LOAD: partition blob /usr/share/acrn/bios/OVMF.fd size 2097152 copy to guest 0xffe00000
                                                                                                                               SW_LOAD: build e820 8 entries to addr: 0x7f99400ef008
SW_LOAD: entry[0]: addr 0x0000000000000000, size 0x00000000000a0000,  type 0x1
SW_LOAD: entry[1]: addr 0x00000000000a0000, size 0x0000000000060000,  type 0x2
SW_LOAD: entry[2]: addr 0x0000000000100000, size 0x000000007ff00000,  type 0x1
SW_LOAD: entry[3]: addr 0x0000000080000000, size 0x0000000008000000,  type 0x2
SW_LOAD: entry[4]: addr 0x00000000db000000, size 0x0000000004000000,  type 0x2
SW_LOAD: entry[5]: addr 0x00000000df000000, size 0x0000000001000000,  type 0x2
SW_LOAD: entry[6]: addr 0x00000000e0000000, size 0x0000000020000000,  type 0x2
SW_LOAD: entry[7]: addr 0x0000000100000000, size 0x0000000040000000,  type 0x2
SW_LOAD: ovmf_entry 0xfffffff0
                              add_cpu

