This file contains any messages produced by compilers while
running configure, to aid debugging if configure makes a mistake.

It was created by GStreamer i.MX Plug-ins configure 4.4.4, which was
generated by GNU Autoconf 2.69.  Invocation command line was

  $ ./configure PLATFORM=MX6QP

## --------- ##
## Platform. ##
## --------- ##

hostname = shuai-VB
uname -m = x86_64
uname -r = 4.15.0-142-generic
uname -s = Linux
uname -v = #146~16.04.1-Ubuntu SMP Tue Apr 13 09:27:15 UTC 2021

/usr/bin/uname -p = unknown
/bin/uname -X     = unknown

/bin/arch              = unknown
/usr/bin/arch -k       = unknown
/usr/convex/getsysinfo = unknown
/usr/bin/hostinfo      = unknown
/bin/machine           = unknown
/usr/bin/oslevel       = unknown
/bin/universe          = unknown

PATH: /home/shuai/0_Storage/opt/fsl-imx-x11/i.MAX6Q/qt/bin
PATH: /home/shuai/0_Storage/opt/fsl-imx-x11/i.MAX6Q/host/usr/bin
PATH: /home/shuai/bin
PATH: /home/shuai/.local/bin
PATH: /usr/local/sbin
PATH: /usr/local/bin
PATH: /usr/sbin
PATH: /usr/bin
PATH: /sbin
PATH: /bin
PATH: /usr/games
PATH: /usr/local/games
PATH: /snap/bin


## ----------- ##
## Core tests. ##
## ----------- ##

configure:2486: checking for a BSD-compatible install
configure:2554: result: /usr/bin/install -c
configure:2565: checking whether build environment is sane
configure:2620: result: yes
configure:2771: checking for a thread-safe mkdir -p
configure:2810: result: /bin/mkdir -p
configure:2817: checking for gawk
configure:2833: found /usr/bin/gawk
configure:2844: result: gawk
configure:2855: checking whether make sets $(MAKE)
configure:2877: result: yes
configure:2906: checking whether make supports nested variables
configure:2923: result: yes
configure:3115: checking for pkg-config
configure:3133: found /home/shuai/0_Storage/opt/fsl-imx-x11/i.MAX6Q/host/usr/bin/pkg-config
configure:3145: result: /home/shuai/0_Storage/opt/fsl-imx-x11/i.MAX6Q/host/usr/bin/pkg-config
configure:3170: checking pkg-config is at least version 0.9.0
configure:3173: result: yes
configure:3183: checking for GST
configure:3190: $PKG_CONFIG --exists --print-errors "gstreamer-$GST_API_VERSION >= $GST_REQ"
Package gstreamer-1.0 was not found in the pkg-config search path.
Perhaps you should add the directory containing `gstreamer-1.0.pc'
to the PKG_CONFIG_PATH environment variable
Package 'gstreamer-1.0', required by 'world', not found
configure:3193: $? = 1
configure:3207: $PKG_CONFIG --exists --print-errors "gstreamer-$GST_API_VERSION >= $GST_REQ"
Package gstreamer-1.0 was not found in the pkg-config search path.
Perhaps you should add the directory containing `gstreamer-1.0.pc'
to the PKG_CONFIG_PATH environment variable
Package 'gstreamer-1.0', required by 'world', not found
configure:3210: $? = 1
configure:3224: result: no
Package gstreamer-1.0 was not found in the pkg-config search path.
Perhaps you should add the directory containing `gstreamer-1.0.pc'
to the PKG_CONFIG_PATH environment variable
Package 'gstreamer-1.0', required by 'world', not found
configure:3241: no gstreamer-1.0 >= 1.6.0 (GStreamer) found
configure:3282: checking whether to enable maintainer-specific portions of Makefiles
configure:3291: result: no
configure:3353: checking for gcc
configure:3369: found /usr/bin/gcc
configure:3380: result: gcc
configure:3609: checking for C compiler version
configure:3618: gcc --version >&5
gcc (Ubuntu 5.4.0-6ubuntu1~16.04.12) 5.4.0 20160609
Copyright (C) 2015 Free Software Foundation, Inc.
This is free software; see the source for copying conditions.  There is NO
warranty; not even for MERCHANTABILITY or FITNESS FOR A PARTICULAR PURPOSE.

configure:3629: $? = 0
configure:3618: gcc -v >&5
Using built-in specs.
COLLECT_GCC=gcc
COLLECT_LTO_WRAPPER=/usr/lib/gcc/x86_64-linux-gnu/5/lto-wrapper
Target: x86_64-linux-gnu
Configured with: ../src/configure -v --with-pkgversion='Ubuntu 5.4.0-6ubuntu1~16.04.12' --with-bugurl=file:///usr/share/doc/gcc-5/README.Bugs --enable-languages=c,ada,c++,java,go,d,fortran,objc,obj-c++ --prefix=/usr --program-suffix=-5 --enable-shared --enable-linker-build-id --libexecdir=/usr/lib --without-included-gettext --enable-threads=posix --libdir=/usr/lib --enable-nls --with-sysroot=/ --enable-clocale=gnu --enable-libstdcxx-debug --enable-libstdcxx-time=yes --with-default-libstdcxx-abi=new --enable-gnu-unique-object --disable-vtable-verify --enable-libmpx --enable-plugin --with-system-zlib --disable-browser-plugin --enable-java-awt=gtk --enable-gtk-cairo --with-java-home=/usr/lib/jvm/java-1.5.0-gcj-5-amd64/jre --enable-java-home --with-jvm-root-dir=/usr/lib/jvm/java-1.5.0-gcj-5-amd64 --with-jvm-jar-dir=/usr/lib/jvm-exports/java-1.5.0-gcj-5-amd64 --with-arch-directory=amd64 --with-ecj-jar=/usr/share/java/eclipse-ecj.jar --enable-objc-gc --enable-multiarch --disable-werror --with-arch-32=i686 --with-abi=m64 --with-multilib-list=m32,m64,mx32 --enable-multilib --with-tune=generic --enable-checking=release --build=x86_64-linux-gnu --host=x86_64-linux-gnu --target=x86_64-linux-gnu
Thread model: posix
gcc version 5.4.0 20160609 (Ubuntu 5.4.0-6ubuntu1~16.04.12) 
configure:3629: $? = 0
configure:3618: gcc -V >&5
gcc: error: unrecognized command line option '-V'
gcc: fatal error: no input files
compilation terminated.
configure:3629: $? = 1
configure:3618: gcc -qversion >&5
gcc: error: unrecognized command line option '-qversion'
gcc: fatal error: no input files
compilation terminated.
configure:3629: $? = 1
configure:3649: checking whether the C compiler works
configure:3671: gcc    conftest.c  >&5
configure:3675: $? = 0
configure:3723: result: yes
configure:3726: checking for C compiler default output file name
configure:3728: result: a.out
configure:3734: checking for suffix of executables
configure:3741: gcc -o conftest    conftest.c  >&5
configure:3745: $? = 0
configure:3767: result: 
configure:3789: checking whether we are cross compiling
configure:3797: gcc -o conftest    conftest.c  >&5
configure:3801: $? = 0
configure:3808: ./conftest
configure:3812: $? = 0
configure:3827: result: no
configure:3832: checking for suffix of object files
configure:3854: gcc -c   conftest.c >&5
configure:3858: $? = 0
configure:3879: result: o
configure:3883: checking whether we are using the GNU C compiler
configure:3902: gcc -c   conftest.c >&5
configure:3902: $? = 0
configure:3911: result: yes
configure:3920: checking whether gcc accepts -g
configure:3940: gcc -c -g  conftest.c >&5
configure:3940: $? = 0
configure:3981: result: yes
configure:3998: checking for gcc option to accept ISO C89
configure:4061: gcc  -c -g -O2  conftest.c >&5
configure:4061: $? = 0
configure:4074: result: none needed
configure:4099: checking whether gcc understands -c and -o together
configure:4121: gcc -c conftest.c -o conftest2.o
configure:4124: $? = 0
configure:4121: gcc -c conftest.c -o conftest2.o
configure:4124: $? = 0
configure:4136: result: yes
configure:4164: checking for style of include used by make
configure:4192: result: GNU
configure:4218: checking dependency style of gcc
configure:4329: result: gcc3
configure:4374: checking build system type
configure:4388: result: x86_64-pc-linux-gnu
configure:4408: checking host system type
configure:4421: result: x86_64-pc-linux-gnu
configure:4462: checking how to print strings
configure:4489: result: printf
configure:4510: checking for a sed that does not truncate output
configure:4574: result: /bin/sed
configure:4592: checking for grep that handles long lines and -e
configure:4650: result: /bin/grep
configure:4655: checking for egrep
configure:4717: result: /bin/grep -E
configure:4722: checking for fgrep
configure:4784: result: /bin/grep -F
configure:4819: checking for ld used by gcc
configure:4886: result: /usr/bin/ld
configure:4893: checking if the linker (/usr/bin/ld) is GNU ld
configure:4908: result: yes
configure:4920: checking for BSD- or MS-compatible name lister (nm)
configure:4974: result: /usr/bin/nm -B
configure:5104: checking the name lister (/usr/bin/nm -B) interface
configure:5111: gcc -c -g -O2  conftest.c >&5
configure:5114: /usr/bin/nm -B "conftest.o"
configure:5117: output
0000000000000000 B some_variable
configure:5124: result: BSD nm
configure:5127: checking whether ln -s works
configure:5131: result: yes
configure:5139: checking the maximum length of command line arguments
configure:5270: result: 1572864
configure:5318: checking how to convert x86_64-pc-linux-gnu file names to x86_64-pc-linux-gnu format
configure:5358: result: func_convert_file_noop
configure:5365: checking how to convert x86_64-pc-linux-gnu file names to toolchain format
configure:5385: result: func_convert_file_noop
configure:5392: checking for /usr/bin/ld option to reload object files
configure:5399: result: -r
configure:5473: checking for objdump
configure:5489: found /usr/bin/objdump
configure:5500: result: objdump
configure:5532: checking how to recognize dependent libraries
configure:5732: result: pass_all
configure:5817: checking for dlltool
configure:5847: result: no
configure:5877: checking how to associate runtime and link libraries
configure:5904: result: printf %s\n
configure:5965: checking for ar
configure:5981: found /usr/bin/ar
configure:5992: result: ar
configure:6029: checking for archiver @FILE support
configure:6046: gcc -c -g -O2  conftest.c >&5
configure:6046: $? = 0
configure:6049: ar cru libconftest.a @conftest.lst >&5
ar: `u' modifier ignored since `D' is the default (see `U')
configure:6052: $? = 0
configure:6057: ar cru libconftest.a @conftest.lst >&5
ar: `u' modifier ignored since `D' is the default (see `U')
ar: conftest.o: No such file or directory
configure:6060: $? = 1
configure:6072: result: @
configure:6130: checking for strip
configure:6146: found /usr/bin/strip
configure:6157: result: strip
configure:6229: checking for ranlib
configure:6245: found /usr/bin/ranlib
configure:6256: result: ranlib
configure:6358: checking command to parse /usr/bin/nm -B output from gcc object
configure:6511: gcc -c -g -O2  conftest.c >&5
configure:6514: $? = 0
configure:6518: /usr/bin/nm -B conftest.o \| sed -n -e 's/^.*[ ]\([ABCDGIRSTW][ABCDGIRSTW]*\)[ ][ ]*\([_A-Za-z][_A-Za-z0-9]*\)$/\1 \2 \2/p' | sed '/ __gnu_lto/d' \> conftest.nm
configure:6521: $? = 0
configure:6587: gcc -o conftest -g -O2   conftest.c conftstm.o >&5
configure:6590: $? = 0
configure:6628: result: ok
configure:6675: checking for sysroot
configure:6705: result: no
configure:6712: checking for a working dd
configure:6750: result: /bin/dd
configure:6754: checking how to truncate binary pipes
configure:6769: result: /bin/dd bs=4096 count=1
configure:6905: gcc -c -g -O2  conftest.c >&5
configure:6908: $? = 0
configure:7098: checking for mt
configure:7114: found /bin/mt
configure:7125: result: mt
configure:7148: checking if mt is a manifest tool
configure:7154: mt '-?'
configure:7162: result: no
configure:7839: checking how to run the C preprocessor
configure:7870: gcc -E  conftest.c
configure:7870: $? = 0
configure:7884: gcc -E  conftest.c
conftest.c:12:28: fatal error: ac_nonexistent.h: No such file or directory
compilation terminated.
configure:7884: $? = 1
configure: failed program was:
| /* confdefs.h */
| #define PACKAGE_NAME "GStreamer i.MX Plug-ins"
| #define PACKAGE_TARNAME "imx-gst1.0-plugin"
| #define PACKAGE_VERSION "4.4.4"
| #define PACKAGE_STRING "GStreamer i.MX Plug-ins 4.4.4"
| #define PACKAGE_BUGREPORT "http://www.freescale.com"
| #define PACKAGE_URL ""
| #define PACKAGE "imx-gst1.0-plugin"
| #define VERSION "4.4.4"
| #define GST_API_VERSION "1.0"
| /* end confdefs.h.  */
| #include <ac_nonexistent.h>
configure:7909: result: gcc -E
configure:7929: gcc -E  conftest.c
configure:7929: $? = 0
configure:7943: gcc -E  conftest.c
conftest.c:12:28: fatal error: ac_nonexistent.h: No such file or directory
compilation terminated.
configure:7943: $? = 1
configure: failed program was:
| /* confdefs.h */
| #define PACKAGE_NAME "GStreamer i.MX Plug-ins"
| #define PACKAGE_TARNAME "imx-gst1.0-plugin"
| #define PACKAGE_VERSION "4.4.4"
| #define PACKAGE_STRING "GStreamer i.MX Plug-ins 4.4.4"
| #define PACKAGE_BUGREPORT "http://www.freescale.com"
| #define PACKAGE_URL ""
| #define PACKAGE "imx-gst1.0-plugin"
| #define VERSION "4.4.4"
| #define GST_API_VERSION "1.0"
| /* end confdefs.h.  */
| #include <ac_nonexistent.h>
configure:7972: checking for ANSI C header files
configure:7992: gcc -c -g -O2  conftest.c >&5
configure:7992: $? = 0
configure:8065: gcc -o conftest -g -O2   conftest.c  >&5
configure:8065: $? = 0
configure:8065: ./conftest
configure:8065: $? = 0
configure:8076: result: yes
configure:8089: checking for sys/types.h
configure:8089: gcc -c -g -O2  conftest.c >&5
configure:8089: $? = 0
configure:8089: result: yes
configure:8089: checking for sys/stat.h
configure:8089: gcc -c -g -O2  conftest.c >&5
configure:8089: $? = 0
configure:8089: result: yes
configure:8089: checking for stdlib.h
configure:8089: gcc -c -g -O2  conftest.c >&5
configure:8089: $? = 0
configure:8089: result: yes
configure:8089: checking for string.h
configure:8089: gcc -c -g -O2  conftest.c >&5
configure:8089: $? = 0
configure:8089: result: yes
configure:8089: checking for memory.h
configure:8089: gcc -c -g -O2  conftest.c >&5
configure:8089: $? = 0
configure:8089: result: yes
configure:8089: checking for strings.h
configure:8089: gcc -c -g -O2  conftest.c >&5
configure:8089: $? = 0
configure:8089: result: yes
configure:8089: checking for inttypes.h
configure:8089: gcc -c -g -O2  conftest.c >&5
configure:8089: $? = 0
configure:8089: result: yes
configure:8089: checking for stdint.h
configure:8089: gcc -c -g -O2  conftest.c >&5
configure:8089: $? = 0
configure:8089: result: yes
configure:8089: checking for unistd.h
configure:8089: gcc -c -g -O2  conftest.c >&5
configure:8089: $? = 0
configure:8089: result: yes
configure:8103: checking for dlfcn.h
configure:8103: gcc -c -g -O2  conftest.c >&5
configure:8103: $? = 0
configure:8103: result: yes
configure:8359: checking for objdir
configure:8374: result: .libs
configure:8634: checking if gcc supports -fno-rtti -fno-exceptions
configure:8652: gcc -c -g -O2  -fno-rtti -fno-exceptions conftest.c >&5
cc1: warning: command line option '-fno-rtti' is valid for C++/ObjC++ but not for C
configure:8656: $? = 0
configure:8669: result: no
configure:9027: checking for gcc option to produce PIC
configure:9034: result: -fPIC -DPIC
configure:9042: checking if gcc PIC flag -fPIC -DPIC works
configure:9060: gcc -c -g -O2  -fPIC -DPIC -DPIC conftest.c >&5
configure:9064: $? = 0
configure:9077: result: yes
configure:9106: checking if gcc static flag -static works
configure:9134: result: yes
configure:9149: checking if gcc supports -c -o file.o
configure:9170: gcc -c -g -O2  -o out/conftest2.o conftest.c >&5
configure:9174: $? = 0
configure:9196: result: yes
configure:9204: checking if gcc supports -c -o file.o
configure:9251: result: yes
configure:9284: checking whether the gcc linker (/usr/bin/ld -m elf_x86_64) supports shared libraries
configure:10547: result: yes
configure:10584: checking whether -lc should be explicitly linked in
configure:10592: gcc -c -g -O2  conftest.c >&5
configure:10595: $? = 0
configure:10610: gcc -shared  -fPIC -DPIC conftest.o  -v -Wl,-soname -Wl,conftest -o conftest 2\>\&1 \| /bin/grep  -lc  \>/dev/null 2\>\&1
configure:10613: $? = 0
configure:10627: result: no
configure:10787: checking dynamic linker characteristics
configure:11368: gcc -o conftest -g -O2   -Wl,-rpath -Wl,/foo conftest.c  >&5
configure:11368: $? = 0
configure:11617: result: GNU/Linux ld.so
configure:11739: checking how to hardcode library paths into programs
configure:11764: result: immediate
configure:12312: checking whether stripping libraries is possible
configure:12317: result: yes
configure:12352: checking if libtool supports shared libraries
configure:12354: result: yes
configure:12357: checking whether to build shared libraries
configure:12382: result: yes
configure:12385: checking whether to build static libraries
configure:12389: result: yes
configure:12429: checking for pkg-config
configure:12445: found /home/shuai/0_Storage/opt/fsl-imx-x11/i.MAX6Q/host/usr/bin/pkg-config
configure:12457: result: yes
configure:12472: build for MX6QP
configure:12486: checking for GST
configure:12494: $PKG_CONFIG --exists --print-errors "\
  gstreamer-$GST_MAJORMINOR >= $GST_REQUIRED"
Package gstreamer-1.0 was not found in the pkg-config search path.
Perhaps you should add the directory containing `gstreamer-1.0.pc'
to the PKG_CONFIG_PATH environment variable
Package 'gstreamer-1.0', required by 'world', not found
configure:12498: $? = 1
configure:12514: $PKG_CONFIG --exists --print-errors "\
  gstreamer-$GST_MAJORMINOR >= $GST_REQUIRED"
Package gstreamer-1.0 was not found in the pkg-config search path.
Perhaps you should add the directory containing `gstreamer-1.0.pc'
to the PKG_CONFIG_PATH environment variable
Package 'gstreamer-1.0', required by 'world', not found
configure:12518: $? = 1
configure:12533: result: no
Package gstreamer-1.0 was not found in the pkg-config search path.
Perhaps you should add the directory containing `gstreamer-1.0.pc'
to the PKG_CONFIG_PATH environment variable
Package 'gstreamer-1.0', required by 'world', not found
configure:12565: error: you need gstreamer development packages installed !

## ---------------- ##
## Cache variables. ##
## ---------------- ##

ac_cv_build=x86_64-pc-linux-gnu
ac_cv_c_compiler_gnu=yes
ac_cv_env_CC_set=
ac_cv_env_CC_value=
ac_cv_env_CFLAGS_set=
ac_cv_env_CFLAGS_value=
ac_cv_env_CPPFLAGS_set=
ac_cv_env_CPPFLAGS_value=
ac_cv_env_CPP_set=
ac_cv_env_CPP_value=
ac_cv_env_GST_BAD_BASE_CFLAGS_set=
ac_cv_env_GST_BAD_BASE_CFLAGS_value=
ac_cv_env_GST_BAD_BASE_LIBS_set=
ac_cv_env_GST_BAD_BASE_LIBS_value=
ac_cv_env_GST_BAD_VIDEO_CFLAGS_set=
ac_cv_env_GST_BAD_VIDEO_CFLAGS_value=
ac_cv_env_GST_BAD_VIDEO_LIBS_set=
ac_cv_env_GST_BAD_VIDEO_LIBS_value=
ac_cv_env_GST_BASE_CFLAGS_set=
ac_cv_env_GST_BASE_CFLAGS_value=
ac_cv_env_GST_BASE_LIBS_set=
ac_cv_env_GST_BASE_LIBS_value=
ac_cv_env_GST_CFLAGS_set=
ac_cv_env_GST_CFLAGS_value=
ac_cv_env_GST_LIBS_set=
ac_cv_env_GST_LIBS_value=
ac_cv_env_GST_PLUGINS_BASE_CFLAGS_set=
ac_cv_env_GST_PLUGINS_BASE_CFLAGS_value=
ac_cv_env_GST_PLUGINS_BASE_LIBS_set=
ac_cv_env_GST_PLUGINS_BASE_LIBS_value=
ac_cv_env_LDFLAGS_set=
ac_cv_env_LDFLAGS_value=
ac_cv_env_LIBS_set=
ac_cv_env_LIBS_value=
ac_cv_env_LT_SYS_LIBRARY_PATH_set=
ac_cv_env_LT_SYS_LIBRARY_PATH_value=
ac_cv_env_PKG_CONFIG_LIBDIR_set=
ac_cv_env_PKG_CONFIG_LIBDIR_value=
ac_cv_env_PKG_CONFIG_PATH_set=
ac_cv_env_PKG_CONFIG_PATH_value=
ac_cv_env_PKG_CONFIG_set=
ac_cv_env_PKG_CONFIG_value=
ac_cv_env_build_alias_set=
ac_cv_env_build_alias_value=
ac_cv_env_host_alias_set=
ac_cv_env_host_alias_value=
ac_cv_env_target_alias_set=
ac_cv_env_target_alias_value=
ac_cv_header_dlfcn_h=yes
ac_cv_header_inttypes_h=yes
ac_cv_header_memory_h=yes
ac_cv_header_stdc=yes
ac_cv_header_stdint_h=yes
ac_cv_header_stdlib_h=yes
ac_cv_header_string_h=yes
ac_cv_header_strings_h=yes
ac_cv_header_sys_stat_h=yes
ac_cv_header_sys_types_h=yes
ac_cv_header_unistd_h=yes
ac_cv_host=x86_64-pc-linux-gnu
ac_cv_objext=o
ac_cv_path_EGREP='/bin/grep -E'
ac_cv_path_FGREP='/bin/grep -F'
ac_cv_path_GREP=/bin/grep
ac_cv_path_SED=/bin/sed
ac_cv_path_ac_pt_PKG_CONFIG=/home/shuai/0_Storage/opt/fsl-imx-x11/i.MAX6Q/host/usr/bin/pkg-config
ac_cv_path_install='/usr/bin/install -c'
ac_cv_path_lt_DD=/bin/dd
ac_cv_path_mkdir=/bin/mkdir
ac_cv_prog_AWK=gawk
ac_cv_prog_CPP='gcc -E'
ac_cv_prog_HAVE_PKGCONFIG=yes
ac_cv_prog_ac_ct_AR=ar
ac_cv_prog_ac_ct_CC=gcc
ac_cv_prog_ac_ct_MANIFEST_TOOL=mt
ac_cv_prog_ac_ct_OBJDUMP=objdump
ac_cv_prog_ac_ct_RANLIB=ranlib
ac_cv_prog_ac_ct_STRIP=strip
ac_cv_prog_cc_c89=
ac_cv_prog_cc_g=yes
ac_cv_prog_make_make_set=yes
am_cv_CC_dependencies_compiler_type=gcc3
am_cv_make_support_nested_variables=yes
am_cv_prog_cc_c_o=yes
lt_cv_ar_at_file=@
lt_cv_archive_cmds_need_lc=no
lt_cv_deplibs_check_method=pass_all
lt_cv_file_magic_cmd='$MAGIC_CMD'
lt_cv_file_magic_test_file=
lt_cv_ld_reload_flag=-r
lt_cv_nm_interface='BSD nm'
lt_cv_objdir=.libs
lt_cv_path_LD=/usr/bin/ld
lt_cv_path_NM='/usr/bin/nm -B'
lt_cv_path_mainfest_tool=no
lt_cv_prog_compiler_c_o=yes
lt_cv_prog_compiler_pic='-fPIC -DPIC'
lt_cv_prog_compiler_pic_works=yes
lt_cv_prog_compiler_rtti_exceptions=no
lt_cv_prog_compiler_static_works=yes
lt_cv_prog_gnu_ld=yes
lt_cv_sharedlib_from_linklib_cmd='printf %s\n'
lt_cv_shlibpath_overrides_runpath=no
lt_cv_sys_global_symbol_pipe='sed -n -e '\''s/^.*[	 ]\([ABCDGIRSTW][ABCDGIRSTW]*\)[	 ][	 ]*\([_A-Za-z][_A-Za-z0-9]*\)$/\1 \2 \2/p'\'' | sed '\''/ __gnu_lto/d'\'''
lt_cv_sys_global_symbol_to_c_name_address='sed -n -e '\''s/^: \(.*\) .*$/  {"\1", (void *) 0},/p'\'' -e '\''s/^[ABCDGIRSTW][ABCDGIRSTW]* .* \(.*\)$/  {"\1", (void *) \&\1},/p'\'''
lt_cv_sys_global_symbol_to_c_name_address_lib_prefix='sed -n -e '\''s/^: \(.*\) .*$/  {"\1", (void *) 0},/p'\'' -e '\''s/^[ABCDGIRSTW][ABCDGIRSTW]* .* \(lib.*\)$/  {"\1", (void *) \&\1},/p'\'' -e '\''s/^[ABCDGIRSTW][ABCDGIRSTW]* .* \(.*\)$/  {"lib\1", (void *) \&\1},/p'\'''
lt_cv_sys_global_symbol_to_cdecl='sed -n -e '\''s/^T .* \(.*\)$/extern int \1();/p'\'' -e '\''s/^[ABCDGIRSTW][ABCDGIRSTW]* .* \(.*\)$/extern char \1;/p'\'''
lt_cv_sys_global_symbol_to_import=
lt_cv_sys_max_cmd_len=1572864
lt_cv_to_host_file_cmd=func_convert_file_noop
lt_cv_to_tool_file_cmd=func_convert_file_noop
lt_cv_truncate_bin='/bin/dd bs=4096 count=1'

## ----------------- ##
## Output variables. ##
## ----------------- ##

ACLOCAL='${SHELL} /home/shuai/tmp/imx-gst1.0-plugin/missing aclocal-1.15'
ACLOCAL_AMFLAGS='-I m4'
AMDEPBACKSLASH='\'
AMDEP_FALSE='#'
AMDEP_TRUE=''
AMTAR='$${TAR-tar}'
AM_BACKSLASH='\'
AM_DEFAULT_V='$(AM_DEFAULT_VERBOSITY)'
AM_DEFAULT_VERBOSITY='1'
AM_V='$(V)'
AR='ar'
AUTOCONF='${SHELL} /home/shuai/tmp/imx-gst1.0-plugin/missing autoconf'
AUTOHEADER='${SHELL} /home/shuai/tmp/imx-gst1.0-plugin/missing autoheader'
AUTOMAKE='${SHELL} /home/shuai/tmp/imx-gst1.0-plugin/missing automake-1.15'
AWK='gawk'
CC='gcc'
CCDEPMODE='depmode=gcc3'
CFLAGS='-g -O2'
CPP='gcc -E'
CPPFLAGS=''
CYGPATH_W='echo'
DEFS=''
DEPDIR='.deps'
DLLTOOL='false'
DSYMUTIL=''
DUMPBIN=''
ECHO_C=''
ECHO_N='-n'
ECHO_T=''
EGREP='/bin/grep -E'
EXEEXT=''
FGREP='/bin/grep -F'
FSL_MM_CORE_CFLAGS=''
FSL_MM_CORE_LIBS=''
GREP='/bin/grep'
GSTMXLIBS_VERSION=''
GST_API_VERSION='1.0'
GST_BAD_BASE_CFLAGS=''
GST_BAD_BASE_LIBS=''
GST_BAD_VIDEO_CFLAGS=''
GST_BAD_VIDEO_LIBS=''
GST_BASE_CFLAGS=''
GST_BASE_LIBS=''
GST_CFLAGS=''
GST_LIBS=''
GST_MAJORMINOR='1.0'
GST_PLUGINS_BASE_CFLAGS=''
GST_PLUGINS_BASE_LIBS=''
GST_PLUGIN_LDFLAGS=''
HAVE_GST_CHECK_FALSE=''
HAVE_GST_CHECK_TRUE='#'
HAVE_PKGCONFIG='yes'
INSTALL_DATA='${INSTALL} -m 644'
INSTALL_PROGRAM='${INSTALL}'
INSTALL_SCRIPT='${INSTALL}'
INSTALL_STRIP_PROGRAM='$(install_sh) -c -s'
IPU_CFLAGS=''
IPU_LIBS=''
LD='/usr/bin/ld -m elf_x86_64'
LDFLAGS=''
LIBOBJS=''
LIBS=''
LIBTOOL='$(SHELL) $(top_builddir)/libtool'
LIPO=''
LN_S='ln -s'
LTLIBOBJS=''
LT_SYS_LIBRARY_PATH=''
MAINT='#'
MAINTAINER_MODE_FALSE=''
MAINTAINER_MODE_TRUE='#'
MAKEINFO='${SHELL} /home/shuai/tmp/imx-gst1.0-plugin/missing makeinfo'
MANIFEST_TOOL=':'
MKDIR_P='/bin/mkdir -p'
NM='/usr/bin/nm -B'
NMEDIT=''
OBJDUMP='objdump'
OBJEXT='o'
OTOOL64=''
OTOOL=''
PACKAGE='imx-gst1.0-plugin'
PACKAGE_BUGREPORT='http://www.freescale.com'
PACKAGE_NAME='GStreamer i.MX Plug-ins'
PACKAGE_STRING='GStreamer i.MX Plug-ins 4.4.4'
PACKAGE_TARNAME='imx-gst1.0-plugin'
PACKAGE_URL=''
PACKAGE_VERSION='4.4.4'
PATH_SEPARATOR=':'
PKG_CONFIG='/home/shuai/0_Storage/opt/fsl-imx-x11/i.MAX6Q/host/usr/bin/pkg-config'
PKG_CONFIG_LIBDIR=''
PKG_CONFIG_PATH=''
PLATFORM='MX6QP'
PLATFORM_IS_ARCH32_FALSE=''
PLATFORM_IS_ARCH32_TRUE=''
PLATFORM_IS_MX6QP_FALSE=''
PLATFORM_IS_MX6QP_TRUE=''
PLATFORM_IS_MX6SLL_FALSE=''
PLATFORM_IS_MX6SLL_TRUE=''
PLATFORM_IS_MX6SL_FALSE=''
PLATFORM_IS_MX6SL_TRUE=''
PLATFORM_IS_MX6SX_FALSE=''
PLATFORM_IS_MX6SX_TRUE=''
PLATFORM_IS_MX6UL_FALSE=''
PLATFORM_IS_MX6UL_TRUE=''
PLATFORM_IS_MX6X_FALSE=''
PLATFORM_IS_MX6X_TRUE=''
PLATFORM_IS_MX6_FALSE=''
PLATFORM_IS_MX6_TRUE=''
PLATFORM_IS_MX7D_FALSE=''
PLATFORM_IS_MX7D_TRUE=''
PLATFORM_IS_MX7ULP_FALSE=''
PLATFORM_IS_MX7ULP_TRUE=''
PLATFORM_IS_MX8_FALSE=''
PLATFORM_IS_MX8_TRUE=''
RANLIB='ranlib'
RT_CFLAGS=''
RT_LIBS=''
SED='/bin/sed'
SET_MAKE=''
SHELL='/bin/sh'
STRIP='strip'
USE_AIUR_FALSE=''
USE_AIUR_TRUE=''
USE_BAD_ALLOCATOR_FALSE=''
USE_BAD_ALLOCATOR_TRUE=''
USE_BAD_BASE_FALSE=''
USE_BAD_BASE_TRUE=''
USE_BEEP_FALSE=''
USE_BEEP_TRUE=''
USE_FB_DISPLAY_FALSE=''
USE_FB_DISPLAY_TRUE=''
USE_H1_ENC_FALSE=''
USE_H1_ENC_TRUE=''
USE_IMX_2DDEVICE_G2D_FALSE=''
USE_IMX_2DDEVICE_G2D_TRUE=''
USE_IMX_2DDEVICE_IPU_FALSE=''
USE_IMX_2DDEVICE_IPU_TRUE=''
USE_IMX_2DDEVICE_PXP_FALSE=''
USE_IMX_2DDEVICE_PXP_TRUE=''
USE_ION_FALSE=''
USE_ION_TRUE=''
USE_MP3_ENC_FALSE=''
USE_MP3_ENC_TRUE=''
USE_OVERLAY_SINK_FALSE=''
USE_OVERLAY_SINK_TRUE=''
USE_V4L2_CORE_FALSE=''
USE_V4L2_CORE_TRUE=''
USE_V4L_SINK_FALSE=''
USE_V4L_SINK_TRUE=''
USE_VPU_WRAP_FALSE=''
USE_VPU_WRAP_TRUE=''
USE_WMA8_ENC_FALSE=''
USE_WMA8_ENC_TRUE=''
USE_X11_FALSE=''
USE_X11_TRUE=''
VERSION='4.4.4'
VPU_LIBS=''
aacd_arm11_SONAME=''
aacd_arm12_SONAME=''
aacd_arm9_SONAME=''
aacd_arm_SONAME=''
aacplusd_arm11_SONAME=''
aacplusd_arm12_SONAME=''
aacplusd_arm9_SONAME=''
aacplusd_arm_SONAME=''
ac3d_arm11_SONAME=''
ac3d_arm12_SONAME=''
ac3d_arm_SONAME=''
ac_ct_AR='ar'
ac_ct_CC='gcc'
ac_ct_DUMPBIN=''
am__EXEEXT_FALSE=''
am__EXEEXT_TRUE=''
am__fastdepCC_FALSE='#'
am__fastdepCC_TRUE=''
am__include='include'
am__isrc=''
am__leading_dot='.'
am__nodep='_no'
am__quote=''
am__tar='$${TAR-tar} chof - "$$tardir"'
am__untar='$${TAR-tar} xf -'
ape_arm11_SONAME=''
ape_arm9_SONAME=''
ape_arm_SONAME=''
asf_arm11_SONAME=''
asf_arm9_SONAME=''
asf_arm_SONAME=''
avi_arm11_SONAME=''
avi_arm9_SONAME=''
avi_arm_SONAME=''
bindir='${exec_prefix}/bin'
build='x86_64-pc-linux-gnu'
build_alias=''
build_cpu='x86_64'
build_os='linux-gnu'
build_vendor='pc'
datadir='${datarootdir}'
datarootdir='${prefix}/share'
ddpd_arm12_SONAME=''
ddpd_arm_SONAME=''
docdir='${datarootdir}/doc/${PACKAGE_TARNAME}'
dsp_arm_SONAME=''
dvidir='${docdir}'
exec_prefix='NONE'
flv_arm11_SONAME=''
flv_arm9_SONAME=''
flv_arm_SONAME=''
host='x86_64-pc-linux-gnu'
host_alias=''
host_cpu='x86_64'
host_os='linux-gnu'
host_vendor='pc'
htmldir='${docdir}'
includedir='${prefix}/include'
infodir='${datarootdir}/info'
install_sh='${SHELL} /home/shuai/tmp/imx-gst1.0-plugin/install-sh'
libdir='${exec_prefix}/lib'
libexecdir='${exec_prefix}/libexec'
localedir='${datarootdir}/locale'
localstatedir='${prefix}/var'
mandir='${datarootdir}/man'
mkdir_p='$(MKDIR_P)'
mkv_arm11_SONAME=''
mkv_arm9_SONAME=''
mkv_arm_SONAME=''
mp3d_arm11_SONAME=''
mp3d_arm12_SONAME=''
mp3d_arm9_SONAME=''
mp3d_arm_SONAME=''
mp4_arm11_SONAME=''
mp4_arm9_SONAME=''
mp4_arm_SONAME=''
mpg2_arm11_SONAME=''
mpg2_arm9_SONAME=''
mpg2_arm_SONAME=''
nbamrd_arm11_SONAME=''
nbamrd_arm_SONAME=''
ogg_arm11_SONAME=''
ogg_arm9_SONAME=''
ogg_arm_SONAME=''
oldincludedir='/usr/include'
pdfdir='${docdir}'
plugindir=''
prefix='NONE'
program_transform_name='s,x,x,'
psdir='${docdir}'
realad_arm11_SONAME=''
realad_arm9_SONAME=''
realad_arm_SONAME=''
rm_arm11_SONAME=''
rm_arm9_SONAME=''
rm_arm_SONAME=''
runstatedir='${localstatedir}/run'
sbindir='${exec_prefix}/sbin'
sharedstatedir='${prefix}/com'
sysconfdir='${prefix}/etc'
target_alias=''
vorbisd_arm11_SONAME=''
vorbisd_arm12_SONAME=''
vorbisd_arm_SONAME=''
wbamrd_arm12_SONAME=''
wbamrd_arm_SONAME=''
wma10d_arm11_SONAME=''
wma10d_arm12_SONAME=''
wma10d_arm9_SONAME=''
wma10d_arm_SONAME=''

## ----------- ##
## confdefs.h. ##
## ----------- ##

/* confdefs.h */
#define PACKAGE_NAME "GStreamer i.MX Plug-ins"
#define PACKAGE_TARNAME "imx-gst1.0-plugin"
#define PACKAGE_VERSION "4.4.4"
#define PACKAGE_STRING "GStreamer i.MX Plug-ins 4.4.4"
#define PACKAGE_BUGREPORT "http://www.freescale.com"
#define PACKAGE_URL ""
#define PACKAGE "imx-gst1.0-plugin"
#define VERSION "4.4.4"
#define GST_API_VERSION "1.0"
#define STDC_HEADERS 1
#define HAVE_SYS_TYPES_H 1
#define HAVE_SYS_STAT_H 1
#define HAVE_STDLIB_H 1
#define HAVE_STRING_H 1
#define HAVE_MEMORY_H 1
#define HAVE_STRINGS_H 1
#define HAVE_INTTYPES_H 1
#define HAVE_STDINT_H 1
#define HAVE_UNISTD_H 1
#define HAVE_DLFCN_H 1
#define LT_OBJDIR ".libs/"

configure: exit 1
